#
# There is insufficient memory for the Java Runtime Environment to continue.
# Native memory allocation (malloc) failed to allocate 32744 bytes for ChunkPool::allocate
# Possible reasons:
#   The system is out of physical RAM or swap space
#   In 32 bit mode, the process size limit was hit
# Possible solutions:
#   Reduce memory load on the system
#   Increase physical memory or swap space
#   Check if swap backing store is full
#   Use 64 bit Java on a 64 bit OS
#   Decrease Java heap size (-Xmx/-Xms)
#   Decrease number of Java threads
#   Decrease Java thread stack sizes (-Xss)
#   Set larger code cache with -XX:ReservedCodeCacheSize=
# This output file may be truncated or incomplete.
#
#  Out of Memory Error (allocation.cpp:273), pid=10144, tid=0x0000000000002dfc
#
# JRE version: OpenJDK Runtime Environment (8.0_152-b01) (build 1.8.0_152-release-915-b01)
# Java VM: OpenJDK 64-Bit Server VM (25.152-b01 mixed mode windows-amd64 compressed oops)
# Failed to write core dump. Minidumps are not enabled by default on client versions of Windows
#

---------------  T H R E A D  ---------------

Current thread (0x00000000169da000):  JavaThread "C1 CompilerThread2" daemon [_thread_in_native, id=11772, stack(0x0000000018220000,0x0000000018320000)]

Stack: [0x0000000018220000,0x0000000018320000]
[error occurred during error reporting (printing stack bounds), id 0xc0000005]

Native frames: (J=compiled Java code, j=interpreted, Vv=VM code, C=native code)


Current CompileTask:
C1:   1258  559   !   3       com.android.dx.cf.code.BytecodeArray::parseInstruction (2764 bytes)


---------------  P R O C E S S  ---------------

Java Threads: ( => current thread )
  0x0000000018493800 JavaThread "pool-1-thread-4" [_thread_blocked, id=3372, stack(0x0000000018d20000,0x0000000018e20000)]
  0x0000000018488000 JavaThread "pool-1-thread-3" [_thread_blocked, id=9328, stack(0x0000000018c20000,0x0000000018d20000)]
  0x0000000018487800 JavaThread "pool-1-thread-2" [_thread_in_vm, id=1992, stack(0x0000000018b20000,0x0000000018c20000)]
  0x000000001848f800 JavaThread "pool-2-thread-1" [_thread_blocked, id=5740, stack(0x0000000018a20000,0x0000000018b20000)]
  0x0000000018482800 JavaThread "pool-1-thread-1" [_thread_in_Java, id=2584, stack(0x0000000018920000,0x0000000018a20000)]
  0x0000000016a0e000 JavaThread "Service Thread" daemon [_thread_blocked, id=1636, stack(0x0000000018720000,0x0000000018820000)]
=>0x00000000169da000 JavaThread "C1 CompilerThread2" daemon [_thread_in_native, id=11772, stack(0x0000000018220000,0x0000000018320000)]
  0x00000000169ab800 JavaThread "C2 CompilerThread1" daemon [_thread_blocked, id=4740, stack(0x0000000018120000,0x0000000018220000)]
  0x00000000169a8800 JavaThread "C2 CompilerThread0" daemon [_thread_blocked, id=1616, stack(0x0000000018020000,0x0000000018120000)]
  0x00000000169b7800 JavaThread "Attach Listener" daemon [_thread_blocked, id=8652, stack(0x0000000017f20000,0x0000000018020000)]
  0x00000000169b6000 JavaThread "Signal Dispatcher" daemon [_thread_blocked, id=9560, stack(0x0000000017e20000,0x0000000017f20000)]
  0x00000000042ac800 JavaThread "Finalizer" daemon [_thread_blocked, id=6020, stack(0x0000000017c10000,0x0000000017d10000)]
  0x00000000042a1800 JavaThread "Reference Handler" daemon [_thread_blocked, id=11284, stack(0x0000000017b10000,0x0000000017c10000)]
  0x000000000419e000 JavaThread "main" [_thread_blocked, id=7212, stack(0x0000000004090000,0x0000000004190000)]

Other Threads:
  0x0000000016974000 VMThread [stack: 0x0000000017a10000,0x0000000017b10000] [id=8464]
  0x000000001834a000 WatcherThread [stack: 0x0000000018820000,0x0000000018920000] [id=9180]

VM state:not at safepoint (normal execution)

VM Mutex/Monitor currently owned by a thread: None

Heap:
 PSYoungGen      total 27648K, used 12317K [0x00000000eab00000, 0x00000000ec980000, 0x0000000100000000)
  eden space 24064K, 51% used [0x00000000eab00000,0x00000000eb707410,0x00000000ec280000)
  from space 3584K, 0% used [0x00000000ec600000,0x00000000ec600000,0x00000000ec980000)
  to   space 3584K, 0% used [0x00000000ec280000,0x00000000ec280000,0x00000000ec600000)
 ParOldGen       total 62976K, used 0K [0x00000000c0000000, 0x00000000c3d80000, 0x00000000eab00000)
  object space 62976K, 0% used [0x00000000c0000000,0x00000000c0000000,0x00000000c3d80000)
 Metaspace       used 5587K, capacity 6512K, committed 6784K, reserved 1056768K
  class space    used 581K, capacity 616K, committed 640K, reserved 1048576K

Card table byte_map: [0x0000000013680000,0x0000000013890000] byte_map_base: 0x0000000013080000

Marking Bits: (ParMarkBitMap*) 0x0000000057bf3950
 Begin Bits: [0x0000000013df0000, 0x0000000014df0000)
 End Bits:   [0x0000000014df0000, 0x0000000015df0000)

Polling page: 0x00000000025e0000

CodeCache: size=245760Kb used=2218Kb max_used=2229Kb free=243541Kb
 bounds [0x00000000042c0000, 0x0000000004530000, 0x00000000132c0000]
 total_blobs=847 nmethods=581 adapters=181
 compilation: enabled

Compilation events (10 events):
Event: 1.249 Thread 0x00000000169ab800  589       4       java.util.ArrayList::iterator (9 bytes)
Event: 1.249 Thread 0x00000000169da000 nmethod 588 0x00000000044ea550 code [0x00000000044ea6a0, 0x00000000044ea7f0]
Event: 1.249 Thread 0x00000000169da000  580       3       com.android.dx.ssa.SsaMethod::getUseListForRegister (18 bytes)
Event: 1.249 Thread 0x00000000169da000 nmethod 580 0x00000000044ea850 code [0x00000000044ea9c0, 0x00000000044eabc8]
Event: 1.249 Thread 0x00000000169da000  559   !   3       com.android.dx.cf.code.BytecodeArray::parseInstruction (2764 bytes)
Event: 1.249 Thread 0x00000000169a8800 nmethod 590 0x00000000044db8d0 code [0x00000000044dba00, 0x00000000044dba58]
Event: 1.250 Thread 0x00000000169a8800  591       4       com.android.dx.util.IntList::growIfNeeded (46 bytes)
Event: 1.250 Thread 0x00000000169ab800 nmethod 589 0x00000000044deb50 code [0x00000000044deca0, 0x00000000044ded78]
Event: 1.251 Thread 0x00000000169ab800  593       4       com.android.dx.util.IntList::add (65 bytes)
Event: 1.253 Thread 0x00000000169a8800 nmethod 591 0x00000000044ebe90 code [0x00000000044ebfe0, 0x00000000044ec1b8]

GC Heap History (0 events):
No events

Deoptimization events (0 events):
No events

Classes redefined (0 events):
No events

Internal exceptions (2 events):
Event: 0.061 Thread 0x000000000419e000 Exception <a 'java/lang/NoSuchMethodError': Method sun.misc.Unsafe.defineClass(Ljava/lang/String;[BII)Ljava/lang/Class; name or signature does not match> (0x00000000eab07ca8) thrown at [D:\src\AOSP-openjdk-cygwin\jdk8u\hotspot\src\share\vm\prims\jni.cpp, 
Event: 0.061 Thread 0x000000000419e000 Exception <a 'java/lang/NoSuchMethodError': Method sun.misc.Unsafe.prefetchRead(Ljava/lang/Object;J)V name or signature does not match> (0x00000000eab07f90) thrown at [D:\src\AOSP-openjdk-cygwin\jdk8u\hotspot\src\share\vm\prims\jni.cpp, line 4011]

Events (10 events):
Event: 1.188 loading class java/util/TreeMap$EntrySet
Event: 1.188 loading class java/util/TreeMap$EntrySet done
Event: 1.188 loading class java/util/TreeMap$EntryIterator
Event: 1.188 loading class java/util/TreeMap$EntryIterator done
Event: 1.189 loading class com/android/dx/ssa/back/FirstFitLocalCombiningAllocator$Multiset
Event: 1.189 loading class com/android/dx/ssa/back/FirstFitLocalCombiningAllocator$Multiset done
Event: 1.224 loading class com/android/dx/cf/code/SwitchList
Event: 1.224 loading class com/android/dx/cf/code/SwitchList done
Event: 1.236 loading class java/util/DualPivotQuicksort
Event: 1.237 loading class java/util/DualPivotQuicksort done


Dynamic libraries:
0x00007ff6fbe90000 - 0x00007ff6fbec1000 	C:\Program Files\Android\Android Studio\jre\bin\java.exe
0x00007ffb346b0000 - 0x00007ffb34890000 	C:\WINDOWS\SYSTEM32\ntdll.dll
0x00007ffb341c0000 - 0x00007ffb3426e000 	C:\WINDOWS\System32\KERNEL32.DLL
0x00007ffb30c50000 - 0x00007ffb30eb6000 	C:\WINDOWS\System32\KERNELBASE.dll
0x00007ffb31ff0000 - 0x00007ffb32091000 	C:\WINDOWS\System32\ADVAPI32.dll
0x00007ffb325a0000 - 0x00007ffb3263d000 	C:\WINDOWS\System32\msvcrt.dll
0x00007ffb340d0000 - 0x00007ffb3412b000 	C:\WINDOWS\System32\sechost.dll
0x00007ffb32640000 - 0x00007ffb3275f000 	C:\WINDOWS\System32\RPCRT4.dll
0x00007ffb31bb0000 - 0x00007ffb31d3f000 	C:\WINDOWS\System32\USER32.dll
0x00007ffb31ab0000 - 0x00007ffb31ad0000 	C:\WINDOWS\System32\win32u.dll
0x00007ffb31b80000 - 0x00007ffb31ba8000 	C:\WINDOWS\System32\GDI32.dll
0x00007ffb30ab0000 - 0x00007ffb30c43000 	C:\WINDOWS\System32\gdi32full.dll
0x00007ffb317e0000 - 0x00007ffb3187b000 	C:\WINDOWS\System32\msvcp_win.dll
0x00007ffb31930000 - 0x00007ffb31a26000 	C:\WINDOWS\System32\ucrtbase.dll
0x00007ffb25610000 - 0x00007ffb25879000 	C:\WINDOWS\WinSxS\amd64_microsoft.windows.common-controls_6595b64144ccf1df_6.0.16299.248_none_15ced204935f55d7\COMCTL32.dll
0x00007ffb32980000 - 0x00007ffb32c88000 	C:\WINDOWS\System32\combase.dll
0x00007ffb31a30000 - 0x00007ffb31aa2000 	C:\WINDOWS\System32\bcryptPrimitives.dll
0x00007ffb34190000 - 0x00007ffb341bd000 	C:\WINDOWS\System32\IMM32.DLL
0x0000000057330000 - 0x0000000057402000 	C:\Program Files\Android\Android Studio\jre\jre\bin\msvcr100.dll
0x0000000057430000 - 0x0000000057c6e000 	C:\Program Files\Android\Android Studio\jre\jre\bin\server\jvm.dll
0x00007ffb31db0000 - 0x00007ffb31db8000 	C:\WINDOWS\System32\PSAPI.DLL
0x00007ffb271f0000 - 0x00007ffb271f9000 	C:\WINDOWS\SYSTEM32\WSOCK32.dll
0x00007ffb31d40000 - 0x00007ffb31dac000 	C:\WINDOWS\System32\WS2_32.dll
0x00007ffb27880000 - 0x00007ffb278a3000 	C:\WINDOWS\SYSTEM32\WINMM.dll
0x00007ffb283f0000 - 0x00007ffb283fa000 	C:\WINDOWS\SYSTEM32\VERSION.dll
0x00007ffb27850000 - 0x00007ffb2787a000 	C:\WINDOWS\SYSTEM32\WINMMBASE.dll
0x00007ffb318e0000 - 0x00007ffb3192a000 	C:\WINDOWS\System32\cfgmgr32.dll
0x00007ffb2d900000 - 0x00007ffb2d90f000 	C:\Program Files\Android\Android Studio\jre\jre\bin\verify.dll
0x00007ffb2c320000 - 0x00007ffb2c349000 	C:\Program Files\Android\Android Studio\jre\jre\bin\java.dll
0x00007ffb2a710000 - 0x00007ffb2a726000 	C:\Program Files\Android\Android Studio\jre\jre\bin\zip.dll
0x00007ffb32c90000 - 0x00007ffb340c6000 	C:\WINDOWS\System32\SHELL32.dll
0x00007ffb31f40000 - 0x00007ffb31fe6000 	C:\WINDOWS\System32\shcore.dll
0x00007ffb31090000 - 0x00007ffb317d7000 	C:\WINDOWS\System32\windows.storage.dll
0x00007ffb34130000 - 0x00007ffb34181000 	C:\WINDOWS\System32\shlwapi.dll
0x00007ffb30a00000 - 0x00007ffb30a11000 	C:\WINDOWS\System32\kernel.appcore.dll
0x00007ffb30a40000 - 0x00007ffb30a8c000 	C:\WINDOWS\System32\powrprof.dll
0x00007ffb30a20000 - 0x00007ffb30a3b000 	C:\WINDOWS\System32\profapi.dll

VM Arguments:
jvm_args: -Djava.awt.headless=true -Xmx1024M -Dfile.encoding=windows-1252 -Duser.country=BR -Duser.language=pt -Duser.variant 
java_command: com.android.dx.command.Main --dex --num-threads=4 --output C:\Users\Guilherme\Desktop\alura-android-curso-master\app\build\intermediates\pre-dexed\debug\com.google.android.gms-play-services-identity-10.0.1_59c2680b7908a768157e8c059dcf758a9ceec174.jar C:\Users\Guilherme\Desktop\alura-android-curso-master\app\build\intermediates\exploded-aar\com.google.android.gms\play-services-identity\10.0.1\jars\classes.jar
java_class_path (initial): C:\Users\Guilherme\AppData\Local\Android\sdk\build-tools\23.0.2\lib\dx.jar
Launcher Type: SUN_STANDARD

Environment Variables:
PATH=C:\ProgramData\Oracle\Java\javapath;C:\WINDOWS\system32;C:\WINDOWS;C:\WINDOWS\System32\Wbem;C:\WINDOWS\System32\WindowsPowerShell\v1.0\;C:\Program Files\Git\cmd;C:\Program Files\Microsoft SQL Server\130\Tools\Binn\;C:\Program Files\nodejs\;C:\Users\Guilherme\AppData\Local\Programs\Python\Python36-32;C:\Users\Guilherme\AppData\Local\Programs\Python\Python36-32\Scripts;C:\Program Files\dotnet\;C:\Users\Guilherme\AppData\Local\Microsoft\WindowsApps;C:\Users\Guilherme\AppData\Roaming\npm;C:\Users\Guilherme\AppData\Local\Microsoft\WindowsApps;
USERNAME=Guilherme
OS=Windows_NT
PROCESSOR_IDENTIFIER=Intel64 Family 6 Model 37 Stepping 5, GenuineIntel



---------------  S Y S T E M  ---------------

OS: Windows 10.0 , 64 bit Build 16299 (10.0.16299.15)

CPU:total 4 (initial active 4) (2 cores per cpu, 2 threads per core) family 6 model 37 stepping 5, cmov, cx8, fxsr, mmx, sse, sse2, sse3, ssse3, sse4.1, sse4.2, popcnt, ht, tsc, tscinvbit

Memory: 4k page, physical 5954364k(782852k free), swap 5954364k(5780k free)

vm_info: OpenJDK 64-Bit Server VM (25.152-b01) for windows-amd64 JRE (1.8.0_152-release-915-b01), built by "builder" with MS VC++ 10.0 (VS2010)

time: Tue Mar 06 22:25:51 2018
elapsed time: 1 seconds (0d 0h 0m 1s)

