#
# There is insufficient memory for the Java Runtime Environment to continue.
# Native memory allocation (malloc) failed to allocate 160336 bytes for Chunk::new
# Possible reasons:
#   The system is out of physical RAM or swap space
#   In 32 bit mode, the process size limit was hit
# Possible solutions:
#   Reduce memory load on the system
#   Increase physical memory or swap space
#   Check if swap backing store is full
#   Use 64 bit Java on a 64 bit OS
#   Decrease Java heap size (-Xmx/-Xms)
#   Decrease number of Java threads
#   Decrease Java thread stack sizes (-Xss)
#   Set larger code cache with -XX:ReservedCodeCacheSize=
# This output file may be truncated or incomplete.
#
#  Out of Memory Error (allocation.cpp:390), pid=7524, tid=0x000000000000229c
#
# JRE version: OpenJDK Runtime Environment (8.0_152-b01) (build 1.8.0_152-release-915-b01)
# Java VM: OpenJDK 64-Bit Server VM (25.152-b01 mixed mode windows-amd64 compressed oops)
# Failed to write core dump. Minidumps are not enabled by default on client versions of Windows
#

---------------  T H R E A D  ---------------

Current thread (0x000000001755f000):  JavaThread "C2 CompilerThread1" daemon [_thread_in_native, id=8860, stack(0x0000000018c60000,0x0000000018d60000)]

Stack: [0x0000000018c60000,0x0000000018d60000]
[error occurred during error reporting (printing stack bounds), id 0xc0000005]

Native frames: (J=compiled Java code, j=interpreted, Vv=VM code, C=native code)


Current CompileTask:
C2:   3583 1729       4       com.android.dx.ssa.Dominators::compress (229 bytes)


---------------  P R O C E S S  ---------------

Java Threads: ( => current thread )
  0x0000000018fbe000 JavaThread "pool-2-thread-1" [_thread_blocked, id=2932, stack(0x0000000019560000,0x0000000019660000)]
  0x0000000018fc7800 JavaThread "pool-1-thread-1" [_thread_in_Java, id=1848, stack(0x0000000019460000,0x0000000019560000)]
  0x0000000018d65800 JavaThread "Service Thread" daemon [_thread_blocked, id=11132, stack(0x0000000019260000,0x0000000019360000)]
  0x0000000018d61000 JavaThread "C1 CompilerThread2" daemon [_thread_blocked, id=5028, stack(0x0000000019160000,0x0000000019260000)]
=>0x000000001755f000 JavaThread "C2 CompilerThread1" daemon [_thread_in_native, id=8860, stack(0x0000000018c60000,0x0000000018d60000)]
  0x000000001750e000 JavaThread "C2 CompilerThread0" daemon [_thread_in_native, id=7268, stack(0x0000000018b60000,0x0000000018c60000)]
  0x000000001750c800 JavaThread "Attach Listener" daemon [_thread_blocked, id=11140, stack(0x0000000018a60000,0x0000000018b60000)]
  0x000000001750b000 JavaThread "Signal Dispatcher" daemon [_thread_blocked, id=5100, stack(0x0000000018960000,0x0000000018a60000)]
  0x0000000004e37000 JavaThread "Finalizer" daemon [_thread_blocked, id=10668, stack(0x0000000018760000,0x0000000018860000)]
  0x0000000004e31800 JavaThread "Reference Handler" daemon [_thread_blocked, id=1556, stack(0x0000000018660000,0x0000000018760000)]
  0x00000000032de000 JavaThread "main" [_thread_blocked, id=8372, stack(0x0000000004c40000,0x0000000004d40000)]

Other Threads:
  0x00000000174d4000 VMThread [stack: 0x0000000018560000,0x0000000018660000] [id=1820]
  0x0000000018d68000 WatcherThread [stack: 0x0000000019360000,0x0000000019460000] [id=5532]

VM state:not at safepoint (normal execution)

VM Mutex/Monitor currently owned by a thread: None

Heap:
 PSYoungGen      total 51712K, used 45211K [0x00000000eab00000, 0x00000000ee100000, 0x0000000100000000)
  eden space 48128K, 86% used [0x00000000eab00000,0x00000000ed3aade0,0x00000000eda00000)
  from space 3584K, 99% used [0x00000000edd80000,0x00000000ee0fc010,0x00000000ee100000)
  to   space 3584K, 0% used [0x00000000eda00000,0x00000000eda00000,0x00000000edd80000)
 ParOldGen       total 62976K, used 13003K [0x00000000c0000000, 0x00000000c3d80000, 0x00000000eab00000)
  object space 62976K, 20% used [0x00000000c0000000,0x00000000c0cb2ff0,0x00000000c3d80000)
 Metaspace       used 6383K, capacity 7152K, committed 7296K, reserved 1056768K
  class space    used 591K, capacity 616K, committed 640K, reserved 1048576K

Card table byte_map: [0x0000000014200000,0x0000000014410000] byte_map_base: 0x0000000013c00000

Marking Bits: (ParMarkBitMap*) 0x0000000057bf3950
 Begin Bits: [0x0000000014970000, 0x0000000015970000)
 End Bits:   [0x0000000015970000, 0x0000000016970000)

Polling page: 0x0000000002fa0000

CodeCache: size=245760Kb used=6773Kb max_used=6788Kb free=238986Kb
 bounds [0x0000000004e40000, 0x00000000054f0000, 0x0000000013e40000]
 total_blobs=1976 nmethods=1709 adapters=181
 compilation: enabled

Compilation events (10 events):
Event: 3.442 Thread 0x0000000018d61000 1730       2       com.android.dx.ssa.back.FirstFitLocalCombiningAllocator::access$100 (5 bytes)
Event: 3.443 Thread 0x0000000018d61000 nmethod 1730 0x00000000054deb50 code [0x00000000054deca0, 0x00000000054dedf0]
Event: 3.443 Thread 0x0000000018d61000 1731       2       com.android.dx.rop.cst.CstLong::getType (4 bytes)
Event: 3.443 Thread 0x0000000018d61000 nmethod 1731 0x00000000054de810 code [0x00000000054de960, 0x00000000054deab0]
Event: 3.443 Thread 0x0000000018d61000 1732       2       java.util.ArrayList$SubList::set (40 bytes)
Event: 3.444 Thread 0x0000000018d61000 nmethod 1732 0x00000000054ddf90 code [0x00000000054de120, 0x00000000054de4a8]
Event: 3.518 Thread 0x000000001755f000 nmethod 1548 0x00000000054e4dd0 code [0x00000000054e50c0, 0x00000000054e6a90]
Event: 3.518 Thread 0x000000001755f000 1728       4       com.android.dx.util.IntList::mutableCopy (39 bytes)
Event: 3.531 Thread 0x000000001755f000 nmethod 1728 0x00000000054dd4d0 code [0x00000000054dd640, 0x00000000054ddbd8]
Event: 3.531 Thread 0x000000001755f000 1729       4       com.android.dx.ssa.Dominators::compress (229 bytes)

GC Heap History (8 events):
Event: 1.865 GC heap before
{Heap before GC invocations=1 (full 0):
 PSYoungGen      total 27648K, used 24064K [0x00000000eab00000, 0x00000000ec980000, 0x0000000100000000)
  eden space 24064K, 100% used [0x00000000eab00000,0x00000000ec280000,0x00000000ec280000)
  from space 3584K, 0% used [0x00000000ec600000,0x00000000ec600000,0x00000000ec980000)
  to   space 3584K, 0% used [0x00000000ec280000,0x00000000ec280000,0x00000000ec600000)
 ParOldGen       total 62976K, used 0K [0x00000000c0000000, 0x00000000c3d80000, 0x00000000eab00000)
  object space 62976K, 0% used [0x00000000c0000000,0x00000000c0000000,0x00000000c3d80000)
 Metaspace       used 5874K, capacity 6768K, committed 7040K, reserved 1056768K
  class space    used 586K, capacity 616K, committed 640K, reserved 1048576K
Event: 1.877 GC heap after
Heap after GC invocations=1 (full 0):
 PSYoungGen      total 27648K, used 3559K [0x00000000eab00000, 0x00000000ec980000, 0x0000000100000000)
  eden space 24064K, 0% used [0x00000000eab00000,0x00000000eab00000,0x00000000ec280000)
  from space 3584K, 99% used [0x00000000ec280000,0x00000000ec5f9c70,0x00000000ec600000)
  to   space 3584K, 0% used [0x00000000ec600000,0x00000000ec600000,0x00000000ec980000)
 ParOldGen       total 62976K, used 1796K [0x00000000c0000000, 0x00000000c3d80000, 0x00000000eab00000)
  object space 62976K, 2% used [0x00000000c0000000,0x00000000c01c1368,0x00000000c3d80000)
 Metaspace       used 5874K, capacity 6768K, committed 7040K, reserved 1056768K
  class space    used 586K, capacity 616K, committed 640K, reserved 1048576K
}
Event: 2.407 GC heap before
{Heap before GC invocations=2 (full 0):
 PSYoungGen      total 27648K, used 27623K [0x00000000eab00000, 0x00000000ec980000, 0x0000000100000000)
  eden space 24064K, 100% used [0x00000000eab00000,0x00000000ec280000,0x00000000ec280000)
  from space 3584K, 99% used [0x00000000ec280000,0x00000000ec5f9c70,0x00000000ec600000)
  to   space 3584K, 0% used [0x00000000ec600000,0x00000000ec600000,0x00000000ec980000)
 ParOldGen       total 62976K, used 1796K [0x00000000c0000000, 0x00000000c3d80000, 0x00000000eab00000)
  object space 62976K, 2% used [0x00000000c0000000,0x00000000c01c1368,0x00000000c3d80000)
 Metaspace       used 6150K, capacity 7024K, committed 7296K, reserved 1056768K
  class space    used 588K, capacity 616K, committed 640K, reserved 1048576K
Event: 2.440 GC heap after
Heap after GC invocations=2 (full 0):
 PSYoungGen      total 27648K, used 3559K [0x00000000eab00000, 0x00000000ee100000, 0x0000000100000000)
  eden space 24064K, 0% used [0x00000000eab00000,0x00000000eab00000,0x00000000ec280000)
  from space 3584K, 99% used [0x00000000ec600000,0x00000000ec979c80,0x00000000ec980000)
  to   space 3584K, 0% used [0x00000000ec280000,0x00000000ec280000,0x00000000ec600000)
 ParOldGen       total 62976K, used 4903K [0x00000000c0000000, 0x00000000c3d80000, 0x00000000eab00000)
  object space 62976K, 7% used [0x00000000c0000000,0x00000000c04c9cb8,0x00000000c3d80000)
 Metaspace       used 6150K, capacity 7024K, committed 7296K, reserved 1056768K
  class space    used 588K, capacity 616K, committed 640K, reserved 1048576K
}
Event: 2.755 GC heap before
{Heap before GC invocations=3 (full 0):
 PSYoungGen      total 27648K, used 27623K [0x00000000eab00000, 0x00000000ee100000, 0x0000000100000000)
  eden space 24064K, 100% used [0x00000000eab00000,0x00000000ec280000,0x00000000ec280000)
  from space 3584K, 99% used [0x00000000ec600000,0x00000000ec979c80,0x00000000ec980000)
  to   space 3584K, 0% used [0x00000000ec280000,0x00000000ec280000,0x00000000ec600000)
 ParOldGen       total 62976K, used 4903K [0x00000000c0000000, 0x00000000c3d80000, 0x00000000eab00000)
  object space 62976K, 7% used [0x00000000c0000000,0x00000000c04c9cb8,0x00000000c3d80000)
 Metaspace       used 6244K, capacity 7088K, committed 7296K, reserved 1056768K
  class space    used 589K, capacity 616K, committed 640K, reserved 1048576K
Event: 2.773 GC heap after
Heap after GC invocations=3 (full 0):
 PSYoungGen      total 27648K, used 3584K [0x00000000eab00000, 0x00000000ee100000, 0x0000000100000000)
  eden space 24064K, 0% used [0x00000000eab00000,0x00000000eab00000,0x00000000ec280000)
  from space 3584K, 100% used [0x00000000ec280000,0x00000000ec600000,0x00000000ec600000)
  to   space 3584K, 0% used [0x00000000edd80000,0x00000000edd80000,0x00000000ee100000)
 ParOldGen       total 62976K, used 8893K [0x00000000c0000000, 0x00000000c3d80000, 0x00000000eab00000)
  object space 62976K, 14% used [0x00000000c0000000,0x00000000c08af440,0x00000000c3d80000)
 Metaspace       used 6244K, capacity 7088K, committed 7296K, reserved 1056768K
  class space    used 589K, capacity 616K, committed 640K, reserved 1048576K
}
Event: 3.022 GC heap before
{Heap before GC invocations=4 (full 0):
 PSYoungGen      total 27648K, used 27648K [0x00000000eab00000, 0x00000000ee100000, 0x0000000100000000)
  eden space 24064K, 100% used [0x00000000eab00000,0x00000000ec280000,0x00000000ec280000)
  from space 3584K, 100% used [0x00000000ec280000,0x00000000ec600000,0x00000000ec600000)
  to   space 3584K, 0% used [0x00000000edd80000,0x00000000edd80000,0x00000000ee100000)
 ParOldGen       total 62976K, used 8893K [0x00000000c0000000, 0x00000000c3d80000, 0x00000000eab00000)
  object space 62976K, 14% used [0x00000000c0000000,0x00000000c08af440,0x00000000c3d80000)
 Metaspace       used 6294K, capacity 7088K, committed 7296K, reserved 1056768K
  class space    used 589K, capacity 616K, committed 640K, reserved 1048576K
Event: 3.048 GC heap after
Heap after GC invocations=4 (full 0):
 PSYoungGen      total 51712K, used 3568K [0x00000000eab00000, 0x00000000ee100000, 0x0000000100000000)
  eden space 48128K, 0% used [0x00000000eab00000,0x00000000eab00000,0x00000000eda00000)
  from space 3584K, 99% used [0x00000000edd80000,0x00000000ee0fc010,0x00000000ee100000)
  to   space 3584K, 0% used [0x00000000eda00000,0x00000000eda00000,0x00000000edd80000)
 ParOldGen       total 62976K, used 13003K [0x00000000c0000000, 0x00000000c3d80000, 0x00000000eab00000)
  object space 62976K, 20% used [0x00000000c0000000,0x00000000c0cb2ff0,0x00000000c3d80000)
 Metaspace       used 6294K, capacity 7088K, committed 7296K, reserved 1056768K
  class space    used 589K, capacity 616K, committed 640K, reserved 1048576K
}

Deoptimization events (10 events):
Event: 1.793 Thread 0x0000000019025000 Uncommon trap: reason=bimorphic action=maybe_recompile pc=0x00000000051719c4 method=com.android.dx.ssa.NormalSsaInsn.mapSourceRegisters(Lcom/android/dx/ssa/RegisterMapper;)V @ 29
Event: 1.803 Thread 0x000000001902a800 Uncommon trap: reason=unstable_if action=reinterpret pc=0x000000000505eaf0 method=java.util.BitSet.nextSetBit(I)I @ 87
Event: 1.994 Thread 0x0000000018fc7800 Uncommon trap: reason=class_check action=maybe_recompile pc=0x00000000050b8f14 method=com.android.dx.ssa.NormalSsaInsn.accept(Lcom/android/dx/ssa/SsaInsn$Visitor;)V @ 9
Event: 2.090 Thread 0x0000000018fd8000 Uncommon trap: reason=null_check action=make_not_entrant pc=0x000000000516e6a0 method=com.android.dx.rop.type.Type.equals(Ljava/lang/Object;)Z @ 8
Event: 2.481 Thread 0x0000000019025000 Uncommon trap: reason=unstable_if action=reinterpret pc=0x0000000005254dbc method=com.android.dx.util.IntList.binarysearch(I)I @ 105
Event: 2.481 Thread 0x0000000019025000 Uncommon trap: reason=unstable_if action=reinterpret pc=0x0000000005090134 method=java.util.BitSet.ensureCapacity(I)V @ 6
Event: 2.522 Thread 0x00000000032de000 Uncommon trap: reason=unstable_if action=reinterpret pc=0x00000000050798bc method=java.lang.String.<init>([CII)V @ 18
Event: 3.342 Thread 0x0000000018fc7800 Uncommon trap: reason=uninitialized action=reinterpret pc=0x00000000054253a0 method=com.android.dx.cf.code.BytecodeArray.parseInstruction(ILcom/android/dx/cf/code/BytecodeArray$Visitor;)I @ 999
Event: 3.508 Thread 0x0000000018fc7800 Uncommon trap: reason=class_check action=maybe_recompile pc=0x00000000054d55c0 method=com.android.dx.ssa.SCCP.simulateBranch(Lcom/android/dx/ssa/SsaInsn;)V @ 145
Event: 3.508 Thread 0x0000000018fc7800 Uncommon trap: reason=class_check action=maybe_recompile pc=0x00000000054d55c0 method=com.android.dx.ssa.SCCP.simulateBranch(Lcom/android/dx/ssa/SsaInsn;)V @ 145

Classes redefined (0 events):
No events

Internal exceptions (3 events):
Event: 0.149 Thread 0x00000000032de000 Exception <a 'java/lang/NoSuchMethodError': Method sun.misc.Unsafe.defineClass(Ljava/lang/String;[BII)Ljava/lang/Class; name or signature does not match> (0x00000000eab07ca8) thrown at [D:\src\AOSP-openjdk-cygwin\jdk8u\hotspot\src\share\vm\prims\jni.cpp, 
Event: 0.149 Thread 0x00000000032de000 Exception <a 'java/lang/NoSuchMethodError': Method sun.misc.Unsafe.prefetchRead(Ljava/lang/Object;J)V name or signature does not match> (0x00000000eab07f90) thrown at [D:\src\AOSP-openjdk-cygwin\jdk8u\hotspot\src\share\vm\prims\jni.cpp, line 4011]
Event: 2.090 Thread 0x0000000018fd8000 Implicit null exception at 0x000000000516e5a2 to 0x000000000516e692

Events (10 events):
Event: 3.390 loading class java/util/HashMap$KeyIterator done
Event: 3.392 Thread 0x0000000018fd8000 Thread exited: 0x0000000018fd8000
Event: 3.392 Thread 0x0000000019025000 Thread exited: 0x0000000019025000
Event: 3.397 Thread 0x000000001902a800 Thread exited: 0x000000001902a800
Event: 3.508 Thread 0x0000000018fc7800 Uncommon trap: trap_request=0xffffffde fr.pc=0x00000000054d55c0
Event: 3.508 Thread 0x0000000018fc7800 DEOPT PACKING pc=0x00000000054d55c0 sp=0x000000001955e890
Event: 3.508 Thread 0x0000000018fc7800 DEOPT UNPACKING pc=0x0000000004e8556a sp=0x000000001955e8a8 mode 2
Event: 3.508 Thread 0x0000000018fc7800 Uncommon trap: trap_request=0xffffffde fr.pc=0x00000000054d55c0
Event: 3.508 Thread 0x0000000018fc7800 DEOPT PACKING pc=0x00000000054d55c0 sp=0x000000001955e890
Event: 3.508 Thread 0x0000000018fc7800 DEOPT UNPACKING pc=0x0000000004e8556a sp=0x000000001955e8a8 mode 2


Dynamic libraries:
0x00007ff6fbe90000 - 0x00007ff6fbec1000 	C:\Program Files\Android\Android Studio\jre\bin\java.exe
0x00007ffb346b0000 - 0x00007ffb34890000 	C:\WINDOWS\SYSTEM32\ntdll.dll
0x00007ffb341c0000 - 0x00007ffb3426e000 	C:\WINDOWS\System32\KERNEL32.DLL
0x00007ffb30c50000 - 0x00007ffb30eb6000 	C:\WINDOWS\System32\KERNELBASE.dll
0x00007ffb31ff0000 - 0x00007ffb32091000 	C:\WINDOWS\System32\ADVAPI32.dll
0x00007ffb325a0000 - 0x00007ffb3263d000 	C:\WINDOWS\System32\msvcrt.dll
0x00007ffb340d0000 - 0x00007ffb3412b000 	C:\WINDOWS\System32\sechost.dll
0x00007ffb32640000 - 0x00007ffb3275f000 	C:\WINDOWS\System32\RPCRT4.dll
0x00007ffb31bb0000 - 0x00007ffb31d3f000 	C:\WINDOWS\System32\USER32.dll
0x00007ffb31ab0000 - 0x00007ffb31ad0000 	C:\WINDOWS\System32\win32u.dll
0x00007ffb31b80000 - 0x00007ffb31ba8000 	C:\WINDOWS\System32\GDI32.dll
0x00007ffb30ab0000 - 0x00007ffb30c43000 	C:\WINDOWS\System32\gdi32full.dll
0x00007ffb317e0000 - 0x00007ffb3187b000 	C:\WINDOWS\System32\msvcp_win.dll
0x00007ffb31930000 - 0x00007ffb31a26000 	C:\WINDOWS\System32\ucrtbase.dll
0x00007ffb25610000 - 0x00007ffb25879000 	C:\WINDOWS\WinSxS\amd64_microsoft.windows.common-controls_6595b64144ccf1df_6.0.16299.248_none_15ced204935f55d7\COMCTL32.dll
0x00007ffb32980000 - 0x00007ffb32c88000 	C:\WINDOWS\System32\combase.dll
0x00007ffb31a30000 - 0x00007ffb31aa2000 	C:\WINDOWS\System32\bcryptPrimitives.dll
0x00007ffb34190000 - 0x00007ffb341bd000 	C:\WINDOWS\System32\IMM32.DLL
0x0000000057330000 - 0x0000000057402000 	C:\Program Files\Android\Android Studio\jre\jre\bin\msvcr100.dll
0x0000000057430000 - 0x0000000057c6e000 	C:\Program Files\Android\Android Studio\jre\jre\bin\server\jvm.dll
0x00007ffb31db0000 - 0x00007ffb31db8000 	C:\WINDOWS\System32\PSAPI.DLL
0x00007ffb271f0000 - 0x00007ffb271f9000 	C:\WINDOWS\SYSTEM32\WSOCK32.dll
0x00007ffb31d40000 - 0x00007ffb31dac000 	C:\WINDOWS\System32\WS2_32.dll
0x00007ffb27880000 - 0x00007ffb278a3000 	C:\WINDOWS\SYSTEM32\WINMM.dll
0x00007ffb283f0000 - 0x00007ffb283fa000 	C:\WINDOWS\SYSTEM32\VERSION.dll
0x00007ffb27850000 - 0x00007ffb2787a000 	C:\WINDOWS\SYSTEM32\WINMMBASE.dll
0x00007ffb318e0000 - 0x00007ffb3192a000 	C:\WINDOWS\System32\cfgmgr32.dll
0x00007ffb2d900000 - 0x00007ffb2d90f000 	C:\Program Files\Android\Android Studio\jre\jre\bin\verify.dll
0x00007ffb2c320000 - 0x00007ffb2c349000 	C:\Program Files\Android\Android Studio\jre\jre\bin\java.dll
0x00007ffb2a710000 - 0x00007ffb2a726000 	C:\Program Files\Android\Android Studio\jre\jre\bin\zip.dll
0x00007ffb32c90000 - 0x00007ffb340c6000 	C:\WINDOWS\System32\SHELL32.dll
0x00007ffb31f40000 - 0x00007ffb31fe6000 	C:\WINDOWS\System32\shcore.dll
0x00007ffb31090000 - 0x00007ffb317d7000 	C:\WINDOWS\System32\windows.storage.dll
0x00007ffb34130000 - 0x00007ffb34181000 	C:\WINDOWS\System32\shlwapi.dll
0x00007ffb30a00000 - 0x00007ffb30a11000 	C:\WINDOWS\System32\kernel.appcore.dll
0x00007ffb30a40000 - 0x00007ffb30a8c000 	C:\WINDOWS\System32\powrprof.dll
0x00007ffb30a20000 - 0x00007ffb30a3b000 	C:\WINDOWS\System32\profapi.dll

VM Arguments:
jvm_args: -Djava.awt.headless=true -Xmx1024M -Dfile.encoding=windows-1252 -Duser.country=BR -Duser.language=pt -Duser.variant 
java_command: com.android.dx.command.Main --dex --num-threads=4 --output C:\Users\Guilherme\Desktop\alura-android-curso-master\app\build\intermediates\pre-dexed\debug\com.google.firebase-firebase-auth-10.0.1_90648998472e1c1defae1069db7587deefda8c23.jar C:\Users\Guilherme\Desktop\alura-android-curso-master\app\build\intermediates\exploded-aar\com.google.firebase\firebase-auth\10.0.1\jars\classes.jar
java_class_path (initial): C:\Users\Guilherme\AppData\Local\Android\sdk\build-tools\23.0.2\lib\dx.jar
Launcher Type: SUN_STANDARD

Environment Variables:
PATH=C:\ProgramData\Oracle\Java\javapath;C:\WINDOWS\system32;C:\WINDOWS;C:\WINDOWS\System32\Wbem;C:\WINDOWS\System32\WindowsPowerShell\v1.0\;C:\Program Files\Git\cmd;C:\Program Files\Microsoft SQL Server\130\Tools\Binn\;C:\Program Files\nodejs\;C:\Users\Guilherme\AppData\Local\Programs\Python\Python36-32;C:\Users\Guilherme\AppData\Local\Programs\Python\Python36-32\Scripts;C:\Program Files\dotnet\;C:\Users\Guilherme\AppData\Local\Microsoft\WindowsApps;C:\Users\Guilherme\AppData\Roaming\npm;C:\Users\Guilherme\AppData\Local\Microsoft\WindowsApps;
USERNAME=Guilherme
OS=Windows_NT
PROCESSOR_IDENTIFIER=Intel64 Family 6 Model 37 Stepping 5, GenuineIntel



---------------  S Y S T E M  ---------------

OS: Windows 10.0 , 64 bit Build 16299 (10.0.16299.15)

CPU:total 4 (initial active 4) (2 cores per cpu, 2 threads per core) family 6 model 37 stepping 5, cmov, cx8, fxsr, mmx, sse, sse2, sse3, ssse3, sse4.1, sse4.2, popcnt, ht, tsc, tscinvbit

Memory: 4k page, physical 5954364k(754940k free), swap 5954364k(3316k free)

vm_info: OpenJDK 64-Bit Server VM (25.152-b01) for windows-amd64 JRE (1.8.0_152-release-915-b01), built by "builder" with MS VC++ 10.0 (VS2010)

time: Tue Mar 06 22:25:58 2018
elapsed time: 3 seconds (0d 0h 0m 3s)

